# JRE version: Java(TM) SE Runtime Environment 18.9 (11.0.7+8) (build 11.0.7+8-LTS)
# Java VM: Java HotSpot(TM) 64-Bit Server VM 18.9 (11.0.7+8-LTS, mixed mode, tiered, compressed oops, g1 gc, windows-amd64)
Heap:
 garbage-first heap   total 131072K, used 85283K [0x0000000081c00000, 0x0000000100000000)
  region size 1024K, 38 young (38912K), 5 survivors (5120K)
 Metaspace       used 67779K, capacity 69656K, committed 69836K, reserved 1110016K
  class space    used 8392K, capacity 9163K, committed 9164K, reserved 1048576K
GC Heap History (10 events):
Event: 42.816 GC heap before
{Heap before GC invocations=30 (full 0):
 garbage-first heap   total 131072K, used 109494K [0x0000000081c00000, 0x0000000100000000)
  region size 1024K, 50 young (51200K), 4 survivors (4096K)
 Metaspace       used 67678K, capacity 69594K, committed 69836K, reserved 1110016K
  class space    used 8386K, capacity 9153K, committed 9164K, reserved 1048576K
}
Event: 42.824 GC heap after
{Heap after GC invocations=31 (full 0):
 garbage-first heap   total 131072K, used 63573K [0x0000000081c00000, 0x0000000100000000)
  region size 1024K, 5 young (5120K), 5 survivors (5120K)
 Metaspace       used 67678K, capacity 69594K, committed 69836K, reserved 1110016K
  class space    used 8386K, capacity 9153K, committed 9164K, reserved 1048576K
}
Event: 42.835 GC heap before
{Heap before GC invocations=31 (full 0):
 garbage-first heap   total 131072K, used 64597K [0x0000000081c00000, 0x0000000100000000)
  region size 1024K, 6 young (6144K), 5 survivors (5120K)
 Metaspace       used 67682K, capacity 69600K, committed 69836K, reserved 1110016K
  class space    used 8387K, capacity 9154K, committed 9164K, reserved 1048576K
}
Event: 42.844 GC heap after
{Heap after GC invocations=32 (full 0):
 garbage-first heap   total 131072K, used 52215K [0x0000000081c00000, 0x0000000100000000)
  region size 1024K, 1 young (1024K), 1 survivors (1024K)
 Metaspace       used 67682K, capacity 69600K, committed 69836K, reserved 1110016K
  class space    used 8387K, capacity 9154K, committed 9164K, reserved 1048576K
}
Event: 42.947 GC heap before
{Heap before GC invocations=32 (full 0):
 garbage-first heap   total 131072K, used 56311K [0x0000000081c00000, 0x0000000100000000)
  region size 1024K, 6 young (6144K), 1 survivors (1024K)
 Metaspace       used 67682K, capacity 69600K, committed 69836K, reserved 1110016K
  class space    used 8387K, capacity 9154K, committed 9164K, reserved 1048576K
}
Event: 42.955 GC heap after
{Heap after GC invocations=33 (full 0):
 garbage-first heap   total 131072K, used 48569K [0x0000000081c00000, 0x0000000100000000)
  region size 1024K, 1 young (1024K), 1 survivors (1024K)
 Metaspace       used 67682K, capacity 69600K, committed 69836K, reserved 1110016K
  class space    used 8387K, capacity 9154K, committed 9164K, reserved 1048576K
}
Event: 44.465 GC heap before
{Heap before GC invocations=33 (full 0):
 garbage-first heap   total 131072K, used 105913K [0x0000000081c00000, 0x0000000100000000)
  region size 1024K, 58 young (59392K), 1 survivors (1024K)
 Metaspace       used 67715K, capacity 69601K, committed 69836K, reserved 1110016K
  class space    used 8387K, capacity 9154K, committed 9164K, reserved 1048576K
}
Event: 44.469 GC heap after
{Heap after GC invocations=34 (full 0):
 garbage-first heap   total 131072K, used 50127K [0x0000000081c00000, 0x0000000100000000)
  region size 1024K, 3 young (3072K), 3 survivors (3072K)
 Metaspace       used 67715K, capacity 69601K, committed 69836K, reserved 1110016K
  class space    used 8387K, capacity 9154K, committed 9164K, reserved 1048576K
}
Event: 47.310 GC heap before
{Heap before GC invocations=34 (full 0):
 garbage-first heap   total 131072K, used 107471K [0x0000000081c00000, 0x0000000100000000)
  region size 1024K, 59 young (60416K), 3 survivors (3072K)
 Metaspace       used 67757K, capacity 69639K, committed 69836K, reserved 1110016K
  class space    used 8390K, capacity 9160K, committed 9164K, reserved 1048576K
}
Event: 47.316 GC heap after
{Heap after GC invocations=35 (full 0):
 garbage-first heap   total 131072K, used 52515K [0x0000000081c00000, 0x0000000100000000)
  region size 1024K, 5 young (5120K), 5 survivors (5120K)
 Metaspace       used 67757K, capacity 69639K, committed 69836K, reserved 1110016K
  class space    used 8390K, capacity 9160K, committed 9164K, reserved 1048576K
}

