# JRE version: Java(TM) SE Runtime Environment 18.9 (11.0.7+8) (build 11.0.7+8-LTS)
# Java VM: Java HotSpot(TM) 64-Bit Server VM 18.9 (11.0.7+8-LTS, mixed mode, tiered, compressed oops, g1 gc, windows-amd64)
Heap:
 garbage-first heap   total 131072K, used 82729K [0x0000000081c00000, 0x0000000100000000)
  region size 1024K, 55 young (56320K), 9 survivors (9216K)
 Metaspace       used 87016K, capacity 88658K, committed 88832K, reserved 1126400K
  class space    used 11233K, capacity 11920K, committed 12032K, reserved 1048576K
GC Heap History (10 events):
Event: 18.205 GC heap before
{Heap before GC invocations=12 (full 0):
 garbage-first heap   total 131072K, used 93211K [0x0000000081c00000, 0x0000000100000000)
  region size 1024K, 76 young (77824K), 6 survivors (6144K)
 Metaspace       used 54077K, capacity 55189K, committed 55296K, reserved 1097728K
  class space    used 6456K, capacity 6901K, committed 6912K, reserved 1048576K
}
Event: 18.220 GC heap after
{Heap after GC invocations=13 (full 0):
 garbage-first heap   total 131072K, used 25169K [0x0000000081c00000, 0x0000000100000000)
  region size 1024K, 9 young (9216K), 9 survivors (9216K)
 Metaspace       used 54077K, capacity 55189K, committed 55296K, reserved 1097728K
  class space    used 6456K, capacity 6901K, committed 6912K, reserved 1048576K
}
Event: 19.547 GC heap before
{Heap before GC invocations=13 (full 0):
 garbage-first heap   total 131072K, used 53841K [0x0000000081c00000, 0x0000000100000000)
  region size 1024K, 38 young (38912K), 9 survivors (9216K)
 Metaspace       used 58839K, capacity 60049K, committed 60160K, reserved 1101824K
  class space    used 7230K, capacity 7712K, committed 7808K, reserved 1048576K
}
Event: 19.558 GC heap after
{Heap after GC invocations=14 (full 0):
 garbage-first heap   total 131072K, used 25738K [0x0000000081c00000, 0x0000000100000000)
  region size 1024K, 6 young (6144K), 6 survivors (6144K)
 Metaspace       used 58839K, capacity 60049K, committed 60160K, reserved 1101824K
  class space    used 7230K, capacity 7712K, committed 7808K, reserved 1048576K
}
Event: 21.771 GC heap before
{Heap before GC invocations=15 (full 0):
 garbage-first heap   total 131072K, used 83082K [0x0000000081c00000, 0x0000000100000000)
  region size 1024K, 62 young (63488K), 6 survivors (6144K)
 Metaspace       used 68665K, capacity 69894K, committed 70016K, reserved 1110016K
  class space    used 8782K, capacity 9285K, committed 9344K, reserved 1048576K
}
Event: 21.782 GC heap after
{Heap after GC invocations=16 (full 0):
 garbage-first heap   total 131072K, used 28748K [0x0000000081c00000, 0x0000000100000000)
  region size 1024K, 5 young (5120K), 5 survivors (5120K)
 Metaspace       used 68665K, capacity 69894K, committed 70016K, reserved 1110016K
  class space    used 8782K, capacity 9285K, committed 9344K, reserved 1048576K
}
Event: 25.947 GC heap before
{Heap before GC invocations=16 (full 0):
 garbage-first heap   total 131072K, used 88140K [0x0000000081c00000, 0x0000000100000000)
  region size 1024K, 63 young (64512K), 5 survivors (5120K)
 Metaspace       used 74254K, capacity 75660K, committed 75776K, reserved 1114112K
  class space    used 9615K, capacity 10163K, committed 10240K, reserved 1048576K
}
Event: 25.956 GC heap after
{Heap after GC invocations=17 (full 0):
 garbage-first heap   total 131072K, used 31733K [0x0000000081c00000, 0x0000000100000000)
  region size 1024K, 8 young (8192K), 8 survivors (8192K)
 Metaspace       used 74254K, capacity 75660K, committed 75776K, reserved 1114112K
  class space    used 9615K, capacity 10163K, committed 10240K, reserved 1048576K
}
Event: 28.150 GC heap before
{Heap before GC invocations=17 (full 0):
 garbage-first heap   total 131072K, used 91125K [0x0000000081c00000, 0x0000000100000000)
  region size 1024K, 66 young (67584K), 8 survivors (8192K)
 Metaspace       used 80539K, capacity 82170K, committed 82304K, reserved 1120256K
  class space    used 10409K, capacity 11038K, committed 11136K, reserved 1048576K
}
Event: 28.168 GC heap after
{Heap after GC invocations=18 (full 0):
 garbage-first heap   total 131072K, used 36649K [0x0000000081c00000, 0x0000000100000000)
  region size 1024K, 9 young (9216K), 9 survivors (9216K)
 Metaspace       used 80539K, capacity 82170K, committed 82304K, reserved 1120256K
  class space    used 10409K, capacity 11038K, committed 11136K, reserved 1048576K
}

