# JRE version: Java(TM) SE Runtime Environment 18.9 (11.0.7+8) (build 11.0.7+8-LTS)
# Java VM: Java HotSpot(TM) 64-Bit Server VM 18.9 (11.0.7+8-LTS, mixed mode, tiered, compressed oops, g1 gc, windows-amd64)
Heap:
 garbage-first heap   total 131072K, used 30162K [0x0000000081c00000, 0x0000000100000000)
  region size 1024K, 11 young (11264K), 9 survivors (9216K)
 Metaspace       used 70177K, capacity 71464K, committed 71808K, reserved 1112064K
  class space    used 8971K, capacity 9487K, committed 9600K, reserved 1048576K
GC Heap History (10 events):
Event: 18.078 GC heap before
{Heap before GC invocations=10 (full 0):
 garbage-first heap   total 131072K, used 89724K [0x0000000081c00000, 0x0000000100000000)
  region size 1024K, 76 young (77824K), 5 survivors (5120K)
 Metaspace       used 42955K, capacity 43946K, committed 44288K, reserved 1087488K
  class space    used 5124K, capacity 5520K, committed 5632K, reserved 1048576K
}
Event: 18.093 GC heap after
{Heap after GC invocations=11 (full 0):
 garbage-first heap   total 131072K, used 20355K [0x0000000081c00000, 0x0000000100000000)
  region size 1024K, 8 young (8192K), 8 survivors (8192K)
 Metaspace       used 42955K, capacity 43946K, committed 44288K, reserved 1087488K
  class space    used 5124K, capacity 5520K, committed 5632K, reserved 1048576K
}
Event: 18.618 GC heap before
{Heap before GC invocations=11 (full 0):
 garbage-first heap   total 131072K, used 88963K [0x0000000081c00000, 0x0000000100000000)
  region size 1024K, 76 young (77824K), 8 survivors (8192K)
 Metaspace       used 44540K, capacity 45499K, committed 45696K, reserved 1089536K
  class space    used 5275K, capacity 5653K, committed 5760K, reserved 1048576K
}
Event: 18.633 GC heap after
{Heap after GC invocations=12 (full 0):
 garbage-first heap   total 131072K, used 21265K [0x0000000081c00000, 0x0000000100000000)
  region size 1024K, 6 young (6144K), 6 survivors (6144K)
 Metaspace       used 44540K, capacity 45499K, committed 45696K, reserved 1089536K
  class space    used 5275K, capacity 5653K, committed 5760K, reserved 1048576K
}
Event: 23.095 GC heap before
{Heap before GC invocations=12 (full 0):
 garbage-first heap   total 131072K, used 92945K [0x0000000081c00000, 0x0000000100000000)
  region size 1024K, 76 young (77824K), 6 survivors (6144K)
 Metaspace       used 54085K, capacity 55257K, committed 55296K, reserved 1097728K
  class space    used 6458K, capacity 6901K, committed 6912K, reserved 1048576K
}
Event: 23.113 GC heap after
{Heap after GC invocations=13 (full 0):
 garbage-first heap   total 131072K, used 25167K [0x0000000081c00000, 0x0000000100000000)
  region size 1024K, 10 young (10240K), 10 survivors (10240K)
 Metaspace       used 54085K, capacity 55257K, committed 55296K, reserved 1097728K
  class space    used 6458K, capacity 6901K, committed 6912K, reserved 1048576K
}
Event: 25.486 GC heap before
{Heap before GC invocations=13 (full 0):
 garbage-first heap   total 131072K, used 53839K [0x0000000081c00000, 0x0000000100000000)
  region size 1024K, 39 young (39936K), 10 survivors (10240K)
 Metaspace       used 58879K, capacity 60085K, committed 60160K, reserved 1101824K
  class space    used 7244K, capacity 7744K, committed 7808K, reserved 1048576K
}
Event: 25.498 GC heap after
{Heap after GC invocations=14 (full 0):
 garbage-first heap   total 131072K, used 26018K [0x0000000081c00000, 0x0000000100000000)
  region size 1024K, 6 young (6144K), 6 survivors (6144K)
 Metaspace       used 58879K, capacity 60085K, committed 60160K, reserved 1101824K
  class space    used 7244K, capacity 7744K, committed 7808K, reserved 1048576K
}
Event: 31.917 GC heap before
{Heap before GC invocations=15 (full 0):
 garbage-first heap   total 131072K, used 97698K [0x0000000081c00000, 0x0000000100000000)
  region size 1024K, 76 young (77824K), 6 survivors (6144K)
 Metaspace       used 70102K, capacity 71382K, committed 71552K, reserved 1112064K
  class space    used 8962K, capacity 9481K, committed 9600K, reserved 1048576K
}
Event: 31.928 GC heap after
{Heap after GC invocations=16 (full 0):
 garbage-first heap   total 131072K, used 29138K [0x0000000081c00000, 0x0000000100000000)
  region size 1024K, 9 young (9216K), 9 survivors (9216K)
 Metaspace       used 70102K, capacity 71382K, committed 71552K, reserved 1112064K
  class space    used 8962K, capacity 9481K, committed 9600K, reserved 1048576K
}

